{"numFailedTestSuites":2,"numFailedTests":2,"numPassedTestSuites":3,"numPassedTests":44,"numPendingTestSuites":0,"numPendingTests":0,"numRuntimeErrorTestSuites":0,"numTodoTests":0,"numTotalTestSuites":5,"numTotalTests":46,"openHandles":[],"snapshot":{"added":0,"didUpdate":false,"failure":false,"filesAdded":0,"filesRemoved":0,"filesRemovedList":[],"filesUnmatched":0,"filesUpdated":0,"matched":0,"total":0,"unchecked":0,"uncheckedKeysByFile":[],"unmatched":0,"updated":0},"startTime":1774864526321,"success":false,"testResults":[{"assertionResults":[{"ancestorTitles":["App Initialisation Validation"],"duration":2,"failureDetails":[],"failureMessages":[],"fullName":"App Initialisation Validation State object should be initialized with correct exact default properties","invocations":1,"location":null,"numPassingAsserts":7,"retryReasons":[],"status":"passed","title":"State object should be initialized with correct exact default properties"},{"ancestorTitles":["App Initialisation Validation"],"duration":4,"failureDetails":[],"failureMessages":[],"fullName":"App Initialisation Validation initApp should safely execute without unhandled exceptions","invocations":1,"location":null,"numPassingAsserts":1,"retryReasons":[],"status":"passed","title":"initApp should safely execute without unhandled exceptions"},{"ancestorTitles":["UC-JS-15: Handle Type Card Click"],"duration":15,"failureDetails":[],"failureMessages":[],"fullName":"UC-JS-15: Handle Type Card Click should update state and clear inputs when clicking a type card","invocations":1,"location":null,"numPassingAsserts":4,"retryReasons":[],"status":"passed","title":"should update state and clear inputs when clicking a type card"},{"ancestorTitles":["UC-JS-16: Handle Action Tab Click"],"duration":7,"failureDetails":[{"matcherResult":{"actual":"none","expected":"flex","message":"\u001b[2mexpect(\u001b[22m\u001b[31mreceived\u001b[39m\u001b[2m).\u001b[22mtoBe\u001b[2m(\u001b[22m\u001b[32mexpected\u001b[39m\u001b[2m) // Object.is equality\u001b[22m\n\nExpected: \u001b[32m\"flex\"\u001b[39m\nReceived: \u001b[31m\"none\"\u001b[39m","name":"toBe","pass":false}}],"failureMessages":["Error: \u001b[2mexpect(\u001b[22m\u001b[31mreceived\u001b[39m\u001b[2m).\u001b[22mtoBe\u001b[2m(\u001b[22m\u001b[32mexpected\u001b[39m\u001b[2m) // Object.is equality\u001b[22m\n\nExpected: \u001b[32m\"flex\"\u001b[39m\nReceived: \u001b[31m\"none\"\u001b[39m\n    at Object.toBe (C:\\Users\\ha3001\\OneDrive - 7-Eleven, Inc\\Desktop\\qma-f\\tests\\app.test.js:119:76)\n    at Promise.then.completed (C:\\Users\\ha3001\\OneDrive - 7-Eleven, Inc\\Desktop\\qma-f\\node_modules\\jest-circus\\build\\utils.js:298:28)\n    at new Promise (<anonymous>)\n    at callAsyncCircusFn (C:\\Users\\ha3001\\OneDrive - 7-Eleven, Inc\\Desktop\\qma-f\\node_modules\\jest-circus\\build\\utils.js:231:10)\n    at _callCircusTest (C:\\Users\\ha3001\\OneDrive - 7-Eleven, Inc\\Desktop\\qma-f\\node_modules\\jest-circus\\build\\run.js:316:40)\n    at _runTest (C:\\Users\\ha3001\\OneDrive - 7-Eleven, Inc\\Desktop\\qma-f\\node_modules\\jest-circus\\build\\run.js:252:3)\n    at _runTestsForDescribeBlock (C:\\Users\\ha3001\\OneDrive - 7-Eleven, Inc\\Desktop\\qma-f\\node_modules\\jest-circus\\build\\run.js:126:9)\n    at _runTestsForDescribeBlock (C:\\Users\\ha3001\\OneDrive - 7-Eleven, Inc\\Desktop\\qma-f\\node_modules\\jest-circus\\build\\run.js:121:9)\n    at run (C:\\Users\\ha3001\\OneDrive - 7-Eleven, Inc\\Desktop\\qma-f\\node_modules\\jest-circus\\build\\run.js:71:3)\n    at runAndTransformResultsToJestFormat (C:\\Users\\ha3001\\OneDrive - 7-Eleven, Inc\\Desktop\\qma-f\\node_modules\\jest-circus\\build\\legacy-code-todo-rewrite\\jestAdapterInit.js:122:21)\n    at jestAdapter (C:\\Users\\ha3001\\OneDrive - 7-Eleven, Inc\\Desktop\\qma-f\\node_modules\\jest-circus\\build\\legacy-code-todo-rewrite\\jestAdapter.js:79:19)\n    at runTestInternal (C:\\Users\\ha3001\\OneDrive - 7-Eleven, Inc\\Desktop\\qma-f\\node_modules\\jest-runner\\build\\runTest.js:367:16)\n    at runTest (C:\\Users\\ha3001\\OneDrive - 7-Eleven, Inc\\Desktop\\qma-f\\node_modules\\jest-runner\\build\\runTest.js:444:34)"],"fullName":"UC-JS-16: Handle Action Tab Click should update states, clear inputs, and toggle operators when clicking Arithmetic","invocations":1,"location":null,"numPassingAsserts":6,"retryReasons":[],"status":"failed","title":"should update states, clear inputs, and toggle operators when clicking Arithmetic"},{"ancestorTitles":["Execute Calculation"],"duration":5,"failureDetails":[],"failureMessages":[],"fullName":"Execute Calculation should properly intercept null state values bounding early exits safely","invocations":1,"location":null,"numPassingAsserts":1,"retryReasons":[],"status":"passed","title":"should properly intercept null state values bounding early exits safely"}],"endTime":1774864527699,"message":"\u001b[1m\u001b[31m  \u001b[1m● \u001b[22m\u001b[1mUC-JS-16: Handle Action Tab Click › should update states, clear inputs, and toggle operators when clicking Arithmetic\u001b[39m\u001b[22m\n\n    \u001b[2mexpect(\u001b[22m\u001b[31mreceived\u001b[39m\u001b[2m).\u001b[22mtoBe\u001b[2m(\u001b[22m\u001b[32mexpected\u001b[39m\u001b[2m) // Object.is equality\u001b[22m\n\n    Expected: \u001b[32m\"flex\"\u001b[39m\n    Received: \u001b[31m\"none\"\u001b[39m\n\u001b[2m\u001b[22m\n\u001b[2m    \u001b[0m \u001b[90m 117 |\u001b[39m\u001b[22m\n\u001b[2m     \u001b[90m 118 |\u001b[39m         \u001b[90m// 3. UI Operators updated visually\u001b[39m\u001b[22m\n\u001b[2m    \u001b[31m\u001b[1m>\u001b[22m\u001b[2m\u001b[39m\u001b[90m 119 |\u001b[39m         expect(document\u001b[33m.\u001b[39mquerySelector(\u001b[32m'#operator-selector'\u001b[39m)\u001b[33m.\u001b[39mstyle\u001b[33m.\u001b[39mdisplay)\u001b[33m.\u001b[39mtoBe(\u001b[32m'flex'\u001b[39m)\u001b[33m;\u001b[39m\u001b[22m\n\u001b[2m     \u001b[90m     |\u001b[39m                                                                            \u001b[31m\u001b[1m^\u001b[22m\u001b[2m\u001b[39m\u001b[22m\n\u001b[2m     \u001b[90m 120 |\u001b[39m         expect(document\u001b[33m.\u001b[39mquerySelector(\u001b[32m'.operator-btn[data-op=\"+\"]'\u001b[39m)\u001b[33m.\u001b[39mclassList\u001b[33m.\u001b[39mcontains(\u001b[32m'active'\u001b[39m))\u001b[33m.\u001b[39mtoBe(\u001b[36mtrue\u001b[39m)\u001b[33m;\u001b[39m\u001b[22m\n\u001b[2m     \u001b[90m 121 |\u001b[39m     })\u001b[33m;\u001b[39m\u001b[22m\n\u001b[2m     \u001b[90m 122 |\u001b[39m })\u001b[33m;\u001b[39m\u001b[0m\u001b[22m\n\u001b[2m\u001b[22m\n\u001b[2m      \u001b[2mat Object.toBe (\u001b[22m\u001b[2m\u001b[0m\u001b[36mtests/app.test.js\u001b[39m\u001b[0m\u001b[2m:119:76)\u001b[22m\u001b[2m\u001b[22m\n","name":"C:\\Users\\ha3001\\OneDrive - 7-Eleven, Inc\\Desktop\\qma-f\\tests\\app.test.js","startTime":1774864527169,"status":"failed","summary":""},{"assertionResults":[{"ancestorTitles":["UC-JS-03: Fetch Units by Type"],"duration":2,"failureDetails":[],"failureMessages":[],"fullName":"UC-JS-03: Fetch Units by Type should fetch units from the correct URL and return parsed JSON data","invocations":1,"location":null,"numPassingAsserts":3,"retryReasons":[],"status":"passed","title":"should fetch units from the correct URL and return parsed JSON data"},{"ancestorTitles":["UC-JS-03: Fetch Units by Type"],"duration":9,"failureDetails":[],"failureMessages":[],"fullName":"UC-JS-03: Fetch Units by Type should throw an ordered error when network request fails (e.g. 404)","invocations":1,"location":null,"numPassingAsserts":1,"retryReasons":[],"status":"passed","title":"should throw an ordered error when network request fails (e.g. 404)"},{"ancestorTitles":["UC-JS-03: Fetch Units by Type"],"duration":6,"failureDetails":[],"failureMessages":[],"fullName":"UC-JS-03: Fetch Units by Type should bubble up generic fetch errors if server is totally offline","invocations":1,"location":null,"numPassingAsserts":1,"retryReasons":[],"status":"passed","title":"should bubble up generic fetch errors if server is totally offline"},{"ancestorTitles":["UC-JS-04: Fetch Conversion Record"],"duration":1,"failureDetails":[],"failureMessages":[],"fullName":"UC-JS-04: Fetch Conversion Record should fetch conversion record and return the first match","invocations":1,"location":null,"numPassingAsserts":3,"retryReasons":[],"status":"passed","title":"should fetch conversion record and return the first match"},{"ancestorTitles":["UC-JS-04: Fetch Conversion Record"],"duration":1,"failureDetails":[],"failureMessages":[],"fullName":"UC-JS-04: Fetch Conversion Record should throw \"No conversion found\" error when the returned array is empty","invocations":1,"location":null,"numPassingAsserts":1,"retryReasons":[],"status":"passed","title":"should throw \"No conversion found\" error when the returned array is empty"},{"ancestorTitles":["UC-JS-05: Save to History"],"duration":2,"failureDetails":[],"failureMessages":[],"fullName":"UC-JS-05: Save to History should save history record and return successfully without throwing","invocations":1,"location":null,"numPassingAsserts":4,"retryReasons":[],"status":"passed","title":"should save history record and return successfully without throwing"},{"ancestorTitles":["UC-JS-05: Save to History"],"duration":0,"failureDetails":[],"failureMessages":[],"fullName":"UC-JS-05: Save to History should suppress errors and return null when the save request fails","invocations":1,"location":null,"numPassingAsserts":2,"retryReasons":[],"status":"passed","title":"should suppress errors and return null when the save request fails"},{"ancestorTitles":["UC-JS-06: Load History"],"duration":1,"failureDetails":[{"matcherResult":{"message":"\u001b[2mexpect(\u001b[22m\u001b[31mjest.fn()\u001b[39m\u001b[2m).\u001b[22mtoHaveBeenCalledWith\u001b[2m(\u001b[22m\u001b[32m...expected\u001b[39m\u001b[2m)\u001b[22m\n\nExpected: \u001b[32m\"https://quantitymeasurementapp.onrender.com/history?_sort=timestamp&_order=desc\"\u001b[39m\nReceived: \u001b[31m\"https://quantitymeasurementapp.onrender.com/history\"\u001b[39m\n\nNumber of calls: \u001b[31m1\u001b[39m","pass":false}}],"failureMessages":["Error: \u001b[2mexpect(\u001b[22m\u001b[31mjest.fn()\u001b[39m\u001b[2m).\u001b[22mtoHaveBeenCalledWith\u001b[2m(\u001b[22m\u001b[32m...expected\u001b[39m\u001b[2m)\u001b[22m\n\nExpected: \u001b[32m\"https://quantitymeasurementapp.onrender.com/history?_sort=timestamp&_order=desc\"\u001b[39m\nReceived: \u001b[31m\"https://quantitymeasurementapp.onrender.com/history\"\u001b[39m\n\nNumber of calls: \u001b[31m1\u001b[39m\n    at Object.toHaveBeenCalledWith (C:\\Users\\ha3001\\OneDrive - 7-Eleven, Inc\\Desktop\\qma-f\\tests\\api.test.js:172:30)"],"fullName":"UC-JS-06: Load History should fetch and return sorted history records","invocations":1,"location":null,"numPassingAsserts":1,"retryReasons":[],"status":"failed","title":"should fetch and return sorted history records"},{"ancestorTitles":["UC-JS-06: Load History"],"duration":1,"failureDetails":[],"failureMessages":[],"fullName":"UC-JS-06: Load History should suppress connection errors and return empty array","invocations":1,"location":null,"numPassingAsserts":2,"retryReasons":[],"status":"passed","title":"should suppress connection errors and return empty array"}],"endTime":1774864527936,"message":"\u001b[1m\u001b[31m  \u001b[1m● \u001b[22m\u001b[1mUC-JS-06: Load History › should fetch and return sorted history records\u001b[39m\u001b[22m\n\n    \u001b[2mexpect(\u001b[22m\u001b[31mjest.fn()\u001b[39m\u001b[2m).\u001b[22mtoHaveBeenCalledWith\u001b[2m(\u001b[22m\u001b[32m...expected\u001b[39m\u001b[2m)\u001b[22m\n\n    Expected: \u001b[32m\"https://quantitymeasurementapp.onrender.com/history?_sort=timestamp&_order=desc\"\u001b[39m\n    Received: \u001b[31m\"https://quantitymeasurementapp.onrender.com/history\"\u001b[39m\n\n    Number of calls: \u001b[31m1\u001b[39m\n\u001b[2m\u001b[22m\n\u001b[2m    \u001b[0m \u001b[90m 170 |\u001b[39m         \u001b[22m\n\u001b[2m     \u001b[90m 171 |\u001b[39m         expect(global\u001b[33m.\u001b[39mfetch)\u001b[33m.\u001b[39mtoHaveBeenCalledTimes(\u001b[35m1\u001b[39m)\u001b[33m;\u001b[39m\u001b[22m\n\u001b[2m    \u001b[31m\u001b[1m>\u001b[22m\u001b[2m\u001b[39m\u001b[90m 172 |\u001b[39m         expect(global\u001b[33m.\u001b[39mfetch)\u001b[33m.\u001b[39mtoHaveBeenCalledWith(\u001b[32m`${BASE_URL}/history?_sort=timestamp&_order=desc`\u001b[39m)\u001b[33m;\u001b[39m\u001b[22m\n\u001b[2m     \u001b[90m     |\u001b[39m                              \u001b[31m\u001b[1m^\u001b[22m\u001b[2m\u001b[39m\u001b[22m\n\u001b[2m     \u001b[90m 173 |\u001b[39m         expect(data)\u001b[33m.\u001b[39mtoEqual(mockRecords)\u001b[33m;\u001b[39m\u001b[22m\n\u001b[2m     \u001b[90m 174 |\u001b[39m         expect(consoleErrorSpy)\u001b[33m.\u001b[39mnot\u001b[33m.\u001b[39mtoHaveBeenCalled()\u001b[33m;\u001b[39m\u001b[22m\n\u001b[2m     \u001b[90m 175 |\u001b[39m     })\u001b[33m;\u001b[39m\u001b[0m\u001b[22m\n\u001b[2m\u001b[22m\n\u001b[2m      \u001b[2mat Object.toHaveBeenCalledWith (\u001b[22m\u001b[2m\u001b[0m\u001b[36mtests/api.test.js\u001b[39m\u001b[0m\u001b[2m:172:30)\u001b[22m\u001b[2m\u001b[22m\n","name":"C:\\Users\\ha3001\\OneDrive - 7-Eleven, Inc\\Desktop\\qma-f\\tests\\api.test.js","startTime":1774864527757,"status":"failed","summary":""},{"assertionResults":[{"ancestorTitles":["UC-JS-07: Apply Conversion Factor or Formula"],"duration":2,"failureDetails":[],"failureMessages":[],"fullName":"UC-JS-07: Apply Conversion Factor or Formula should apply strict numerical factor correctly","invocations":1,"location":null,"numPassingAsserts":1,"retryReasons":[],"status":"passed","title":"should apply strict numerical factor correctly"},{"ancestorTitles":["UC-JS-07: Apply Conversion Factor or Formula"],"duration":1,"failureDetails":[],"failureMessages":[],"fullName":"UC-JS-07: Apply Conversion Factor or Formula should apply formula correctly replacing x with value","invocations":1,"location":null,"numPassingAsserts":2,"retryReasons":[],"status":"passed","title":"should apply formula correctly replacing x with value"},{"ancestorTitles":["UC-JS-07: Apply Conversion Factor or Formula"],"duration":0,"failureDetails":[],"failureMessages":[],"fullName":"UC-JS-07: Apply Conversion Factor or Formula should strictly return value unchanged if fromUnit === toUnit","invocations":1,"location":null,"numPassingAsserts":1,"retryReasons":[],"status":"passed","title":"should strictly return value unchanged if fromUnit === toUnit"},{"ancestorTitles":["UC-JS-07: Apply Conversion Factor or Formula"],"duration":8,"failureDetails":[],"failureMessages":[],"fullName":"UC-JS-07: Apply Conversion Factor or Formula should explicitly throw \"Invalid number\" when given NaN","invocations":1,"location":null,"numPassingAsserts":2,"retryReasons":[],"status":"passed","title":"should explicitly throw \"Invalid number\" when given NaN"},{"ancestorTitles":["UC-JS-07: Apply Conversion Factor or Formula"],"duration":0,"failureDetails":[],"failureMessages":[],"fullName":"UC-JS-07: Apply Conversion Factor or Formula should explicitly throw \"Bad formula\" when eval crashes","invocations":1,"location":null,"numPassingAsserts":1,"retryReasons":[],"status":"passed","title":"should explicitly throw \"Bad formula\" when eval crashes"},{"ancestorTitles":["UC-JS-08: Evaluate Arithmetic Expression"],"duration":1,"failureDetails":[],"failureMessages":[],"fullName":"UC-JS-08: Evaluate Arithmetic Expression should correctly add two numbers and bypass JS float quirks securely","invocations":1,"location":null,"numPassingAsserts":2,"retryReasons":[],"status":"passed","title":"should correctly add two numbers and bypass JS float quirks securely"},{"ancestorTitles":["UC-JS-08: Evaluate Arithmetic Expression"],"duration":0,"failureDetails":[],"failureMessages":[],"fullName":"UC-JS-08: Evaluate Arithmetic Expression should correctly subtract two numbers and round to 6 decimal places","invocations":1,"location":null,"numPassingAsserts":2,"retryReasons":[],"status":"passed","title":"should correctly subtract two numbers and round to 6 decimal places"},{"ancestorTitles":["UC-JS-08: Evaluate Arithmetic Expression"],"duration":0,"failureDetails":[],"failureMessages":[],"fullName":"UC-JS-08: Evaluate Arithmetic Expression should explicitly throw \"Invalid number\" when given NaN or strings","invocations":1,"location":null,"numPassingAsserts":2,"retryReasons":[],"status":"passed","title":"should explicitly throw \"Invalid number\" when given NaN or strings"},{"ancestorTitles":["UC-JS-08: Evaluate Arithmetic Expression"],"duration":1,"failureDetails":[],"failureMessages":[],"fullName":"UC-JS-08: Evaluate Arithmetic Expression should explicitly throw \"Invalid operator\" when given unsupported operation types","invocations":1,"location":null,"numPassingAsserts":3,"retryReasons":[],"status":"passed","title":"should explicitly throw \"Invalid operator\" when given unsupported operation types"},{"ancestorTitles":["UC-JS-09: Compare Two Measurement Values"],"duration":0,"failureDetails":[],"failureMessages":[],"fullName":"UC-JS-09: Compare Two Measurement Values should return exactly 1, -1, or 0 correctly","invocations":1,"location":null,"numPassingAsserts":3,"retryReasons":[],"status":"passed","title":"should return exactly 1, -1, or 0 correctly"},{"ancestorTitles":["UC-JS-09: Compare Two Measurement Values"],"duration":1,"failureDetails":[],"failureMessages":[],"fullName":"UC-JS-09: Compare Two Measurement Values should explicitly throw \"Invalid number\" if base values are NaN","invocations":1,"location":null,"numPassingAsserts":2,"retryReasons":[],"status":"passed","title":"should explicitly throw \"Invalid number\" if base values are NaN"}],"endTime":1774864528078,"message":"","name":"C:\\Users\\ha3001\\OneDrive - 7-Eleven, Inc\\Desktop\\qma-f\\tests\\conversion.test.js","startTime":1774864527941,"status":"passed","summary":""},{"assertionResults":[{"ancestorTitles":["UC-JS-10: Populate Unit Dropdown"],"duration":3,"failureDetails":[],"failureMessages":[],"fullName":"UC-JS-10: Populate Unit Dropdown should populate dropdown with default option and unit data","invocations":1,"location":null,"numPassingAsserts":7,"retryReasons":[],"status":"passed","title":"should populate dropdown with default option and unit data"},{"ancestorTitles":["UC-JS-10: Populate Unit Dropdown"],"duration":2,"failureDetails":[],"failureMessages":[],"fullName":"UC-JS-10: Populate Unit Dropdown should safely render only the default prompt if units array is empty","invocations":1,"location":null,"numPassingAsserts":2,"retryReasons":[],"status":"passed","title":"should safely render only the default prompt if units array is empty"},{"ancestorTitles":["UC-JS-10: Populate Unit Dropdown"],"duration":3,"failureDetails":[],"failureMessages":[],"fullName":"UC-JS-10: Populate Unit Dropdown should warn and safely return early if select element is null","invocations":1,"location":null,"numPassingAsserts":1,"retryReasons":[],"status":"passed","title":"should warn and safely return early if select element is null"},{"ancestorTitles":["UC-JS-11: Set Active Button"],"duration":3,"failureDetails":[],"failureMessages":[],"fullName":"UC-JS-11: Set Active Button should add active class to clicked element and remove from siblings","invocations":1,"location":null,"numPassingAsserts":3,"retryReasons":[],"status":"passed","title":"should add active class to clicked element and remove from siblings"},{"ancestorTitles":["UC-JS-11: Set Active Button"],"duration":2,"failureDetails":[],"failureMessages":[],"fullName":"UC-JS-11: Set Active Button should safely return early if parent element is null","invocations":1,"location":null,"numPassingAsserts":2,"retryReasons":[],"status":"passed","title":"should safely return early if parent element is null"},{"ancestorTitles":["UC-JS-12: Show Result"],"duration":5,"failureDetails":[],"failureMessages":[],"fullName":"UC-JS-12: Show Result should display numeric value and unit correctly","invocations":1,"location":null,"numPassingAsserts":2,"retryReasons":[],"status":"passed","title":"should display numeric value and unit correctly"},{"ancestorTitles":["UC-JS-12: Show Result"],"duration":2,"failureDetails":[],"failureMessages":[],"fullName":"UC-JS-12: Show Result should display dash fallback if value is null","invocations":1,"location":null,"numPassingAsserts":1,"retryReasons":[],"status":"passed","title":"should display dash fallback if value is null"},{"ancestorTitles":["UC-JS-12: Show Result"],"duration":2,"failureDetails":[],"failureMessages":[],"fullName":"UC-JS-12: Show Result should handle comparison mode string smoothly without units","invocations":1,"location":null,"numPassingAsserts":2,"retryReasons":[],"status":"passed","title":"should handle comparison mode string smoothly without units"},{"ancestorTitles":["UC-JS-12: Show Result"],"duration":2,"failureDetails":[],"failureMessages":[],"fullName":"UC-JS-12: Show Result should trigger highlight animation class correctly for 1500ms","invocations":1,"location":null,"numPassingAsserts":3,"retryReasons":[],"status":"passed","title":"should trigger highlight animation class correctly for 1500ms"},{"ancestorTitles":["UC-JS-13: Toggle Operator Row"],"duration":1,"failureDetails":[],"failureMessages":[],"fullName":"UC-JS-13: Toggle Operator Row should set display to flex when show is true","invocations":1,"location":null,"numPassingAsserts":2,"retryReasons":[],"status":"passed","title":"should set display to flex when show is true"},{"ancestorTitles":["UC-JS-13: Toggle Operator Row"],"duration":1,"failureDetails":[],"failureMessages":[],"fullName":"UC-JS-13: Toggle Operator Row should set display to none when show is false","invocations":1,"location":null,"numPassingAsserts":2,"retryReasons":[],"status":"passed","title":"should set display to none when show is false"},{"ancestorTitles":["UC-JS-13: Toggle Operator Row"],"duration":0,"failureDetails":[],"failureMessages":[],"fullName":"UC-JS-13: Toggle Operator Row should log warning and safely return if element is missing","invocations":1,"location":null,"numPassingAsserts":1,"retryReasons":[],"status":"passed","title":"should log warning and safely return if element is missing"},{"ancestorTitles":["UC-JS-14: Render History List"],"duration":1,"failureDetails":[],"failureMessages":[],"fullName":"UC-JS-14: Render History List should render \"No history yet.\" if records array is empty","invocations":1,"location":null,"numPassingAsserts":1,"retryReasons":[],"status":"passed","title":"should render \"No history yet.\" if records array is empty"},{"ancestorTitles":["UC-JS-14: Render History List"],"duration":0,"failureDetails":[],"failureMessages":[],"fullName":"UC-JS-14: Render History List should treat undefined or null records strictly as empty arrays safely","invocations":1,"location":null,"numPassingAsserts":1,"retryReasons":[],"status":"passed","title":"should treat undefined or null records strictly as empty arrays safely"},{"ancestorTitles":["UC-JS-14: Render History List"],"duration":13,"failureDetails":[],"failureMessages":[],"fullName":"UC-JS-14: Render History List should correctly render list items populated with history data","invocations":1,"location":null,"numPassingAsserts":3,"retryReasons":[],"status":"passed","title":"should correctly render list items populated with history data"},{"ancestorTitles":["UC-JS-14: Render History List"],"duration":1,"failureDetails":[],"failureMessages":[],"fullName":"UC-JS-14: Render History List should safely intercept missing history list DOM target via console output","invocations":1,"location":null,"numPassingAsserts":1,"retryReasons":[],"status":"passed","title":"should safely intercept missing history list DOM target via console output"}],"endTime":1774864528256,"message":"","name":"C:\\Users\\ha3001\\OneDrive - 7-Eleven, Inc\\Desktop\\qma-f\\tests\\ui.test.js","startTime":1774864528092,"status":"passed","summary":""},{"assertionResults":[{"ancestorTitles":["Database Schema Validation (db.json)"],"duration":1,"failureDetails":[],"failureMessages":[],"fullName":"Database Schema Validation (db.json) should contain exactly three root collections: units, conversions, and history","invocations":1,"location":null,"numPassingAsserts":3,"retryReasons":[],"status":"passed","title":"should contain exactly three root collections: units, conversions, and history"},{"ancestorTitles":["Database Schema Validation (db.json)"],"duration":0,"failureDetails":[],"failureMessages":[],"fullName":"Database Schema Validation (db.json) history collection should be initialized as an empty array","invocations":1,"location":null,"numPassingAsserts":2,"retryReasons":[],"status":"passed","title":"history collection should be initialized as an empty array"},{"ancestorTitles":["Database Schema Validation (db.json)"],"duration":2,"failureDetails":[],"failureMessages":[],"fullName":"Database Schema Validation (db.json) units collection should contain valid objects with id, type, label, and symbol","invocations":1,"location":null,"numPassingAsserts":49,"retryReasons":[],"status":"passed","title":"units collection should contain valid objects with id, type, label, and symbol"},{"ancestorTitles":["Database Schema Validation (db.json)"],"duration":1,"failureDetails":[],"failureMessages":[],"fullName":"Database Schema Validation (db.json) units collection should cover all 4 required measurement types","invocations":1,"location":null,"numPassingAsserts":4,"retryReasons":[],"status":"passed","title":"units collection should cover all 4 required measurement types"},{"ancestorTitles":["Database Schema Validation (db.json)"],"duration":11,"failureDetails":[],"failureMessages":[],"fullName":"Database Schema Validation (db.json) conversions collection should contain valid objects with from, to, factor, and formula","invocations":1,"location":null,"numPassingAsserts":121,"retryReasons":[],"status":"passed","title":"conversions collection should contain valid objects with from, to, factor, and formula"}],"endTime":1774864528378,"message":"","name":"C:\\Users\\ha3001\\OneDrive - 7-Eleven, Inc\\Desktop\\qma-f\\tests\\db.test.js","startTime":1774864528260,"status":"passed","summary":""}],"wasInterrupted":false}
